<?xml version="1.0" encoding="UTF-8"?>
<!-- Generated by org.testng.reporters.JUnitXMLReporter -->
<testsuite ignored="0" hostname="DESKTOP-B5UB9MR" failures="0" tests="5" name="Default test" time="26.905" errors="0" timestamp="2023-11-18T18:34:58 IST">
  <testcase classname="tests.BaseTest" name="tc01_login" time="3.904"/>
  <testcase classname="tests.CheckoutTest" name="tc02_addToCart" time="2.584"/>
  <testcase classname="tests.CheckoutTest" name="tc03_addToCart" time="2.499"/>
  <testcase classname="tests.CheckoutTest" name="tc04_addToCart" time="2.457"/>
  <testcase classname="tests.CheckoutTest" name="tc05_checkout" time="11.407"/>
</testsuite> <!-- Default test -->
