<?xml version="1.0" encoding="UTF-8"?>
<!-- Generated by org.testng.reporters.JUnitXMLReporter -->
<testsuite ignored="0" hostname="DESKTOP-B5UB9MR" failures="0" tests="33" name="Test" time="167.779" errors="0" timestamp="2023-11-18T18:51:14 IST">
  <testcase classname="tests.BaseTest" name="tc01_login" time="3.897"/>
  <testcase classname="tests.LoginTest" name="tc01_incorrectLogin" time="9.133"/>
  <testcase classname="tests.BaseTest" name="tc01_login" time="3.854"/>
  <testcase classname="tests.SortTest" name="tc02_sortLowToHigh" time="5.877"/>
  <testcase classname="tests.SortTest" name="tc03_sortZtoA" time="5.895"/>
  <testcase classname="tests.SortTest" name="tc04_sortHighToLow" time="5.883"/>
  <testcase classname="tests.SortTest" name="tc05_sortAtoZ" time="5.879"/>
  <testcase classname="tests.BaseTest" name="tc01_login" time="3.818"/>
  <testcase classname="tests.ChooseProductsAndResetCartTest" name="tc02_addToCart" time="2.556"/>
  <testcase classname="tests.ChooseProductsAndResetCartTest" name="tc03_addToCart" time="2.49"/>
  <testcase classname="tests.ChooseProductsAndResetCartTest" name="tc04_addToCart" time="2.452"/>
  <testcase classname="tests.ChooseProductsAndResetCartTest" name="tc05_addToCart" time="2.478"/>
  <testcase classname="tests.ChooseProductsAndResetCartTest" name="tc06_addToCart" time="2.568"/>
  <testcase classname="tests.ChooseProductsAndResetCartTest" name="tc07_addToCart" time="2.562"/>
  <testcase classname="tests.ChooseProductsAndResetCartTest" name="tc08_clickResetAppState" time="4.885"/>
  <testcase classname="tests.BaseTest" name="tc01_login" time="3.834"/>
  <testcase classname="tests.ProductsAddAndRemoveTest" name="tc02_addProducts" time="7.325"/>
  <testcase classname="tests.ProductsAddAndRemoveTest" name="tc03_addProducts" time="7.345"/>
  <testcase classname="tests.ProductsAddAndRemoveTest" name="tc04_addProducts" time="7.31"/>
  <testcase classname="tests.ProductsAddAndRemoveTest" name="tc05_addProducts" time="7.314"/>
  <testcase classname="tests.ProductsAddAndRemoveTest" name="tc06_addProducts" time="7.312"/>
  <testcase classname="tests.ProductsAddAndRemoveTest" name="tc07_addProducts" time="7.327"/>
  <testcase classname="tests.ProductsAddAndRemoveTest" name="tc08_removeProducts" time="4.902"/>
  <testcase classname="tests.ProductsAddAndRemoveTest" name="tc09_removeProducts" time="2.458"/>
  <testcase classname="tests.ProductsAddAndRemoveTest" name="tc10_removeProducts" time="2.466"/>
  <testcase classname="tests.ProductsAddAndRemoveTest" name="tc11_removeProducts" time="2.48"/>
  <testcase classname="tests.ProductsAddAndRemoveTest" name="tc12_removeProducts" time="2.484"/>
  <testcase classname="tests.ProductsAddAndRemoveTest" name="tc13_removeProducts" time="4.883"/>
  <testcase classname="tests.BaseTest" name="tc01_login" time="3.784"/>
  <testcase classname="tests.CheckoutTest" name="tc02_addToCart" time="2.54"/>
  <testcase classname="tests.CheckoutTest" name="tc03_addToCart" time="2.485"/>
  <testcase classname="tests.CheckoutTest" name="tc04_addToCart" time="2.446"/>
  <testcase classname="tests.CheckoutTest" name="tc05_checkout" time="11.32"/>
</testsuite> <!-- Test -->
